<?xml version="1.0" encoding="UTF-8"?>
<!-- Generated by org.testng.reporters.JUnitReportReporter -->
<testsuite hostname="L005896" name="apiTest.Tests" tests="1" failures="0" timestamp="7 Sep 2020 18:13:31 GMT" time="20.814" errors="0">
  <testcase name="verifyHeader" time="20.814" classname="apiTest.Tests"/>
</testsuite> <!-- apiTest.Tests -->
