<?xml version="1.0" encoding="UTF-8"?>
<!-- Generated by org.testng.reporters.JUnitReportReporter -->
<testsuite skipped="0" hostname="L005896" name="com.crm.qa.testcases.LoginPageTest" tests="1" failures="0" timestamp="09 Mar 2019 05:49:45 GMT" time="15.603" errors="0">
  <testcase name="userLoginValidation" time="15.603" classname="com.crm.qa.testcases.LoginPageTest"/>
</testsuite> <!-- com.crm.qa.testcases.LoginPageTest -->
